2024-07-01 08:51:14,266 INFO notifyConnectTimeout:100

2024-07-01 08:51:14,282 INFO notifySocketTimeout:200

2024-07-01 08:51:14,283 INFO isHealthCheck:true

2024-07-01 08:51:14,284 INFO maxHealthCheckFailCount:12

2024-07-01 08:51:14,284 INFO maxContent:10485760

2024-07-01 08:51:24,288 WARN DumpService start

2024-07-01 08:51:24,300 INFO start clear all config-info.

2024-07-01 08:51:24,335 INFO clear all config-info success.

2024-07-01 08:51:24,338 INFO clear all config-info-tenant success.

2024-07-01 08:51:24,409 INFO All dump page size is set to 50 according to mem limit 8796093022207 MB

2024-07-01 08:51:24,422 INFO start dump all config-info...

2024-07-01 08:51:24,565 INFO [all-dump] submit all task for 11 / 11, dbTime=103,diskTime=37

2024-07-01 08:51:24,570 INFO [all-dump] wait 10 dump tasks to be finished

2024-07-01 08:51:25,571 INFO success to  dump all config-info。

2024-07-01 08:51:25,572 INFO start clear all config-info-beta.

2024-07-01 08:51:25,573 INFO clear all config-info-beta success.

2024-07-01 08:51:25,573 INFO clear all config-info-beta-tenant success.

2024-07-01 08:51:25,577 INFO start clear all config-info-tag.

2024-07-01 08:51:25,578 INFO clear all config-info-tag success.

2024-07-01 08:51:25,578 INFO clear all config-info-tag-tenant success.

