2024-07-01 00:00:45,981 INFO PERFORMANCE:|5|3|1|557|556|2|0

2024-07-01 00:00:45,993 INFO Task worker status: 
naming_0%8, pending tasks: 0
naming_1%8, pending tasks: 0
naming_2%8, pending tasks: 0
naming_3%8, pending tasks: 0
naming_4%8, pending tasks: 0
naming_5%8, pending tasks: 0
naming_6%8, pending tasks: 0
naming_7%8, pending tasks: 0


2024-07-01 00:00:45,993 INFO DISTRO:|0|0|0|

2024-07-01 00:01:45,992 INFO PERFORMANCE:|5|5|6|616|564|8|0

2024-07-01 00:01:45,993 INFO Task worker status: 
naming_0%8, pending tasks: 0
naming_1%8, pending tasks: 0
naming_2%8, pending tasks: 0
naming_3%8, pending tasks: 0
naming_4%8, pending tasks: 0
naming_5%8, pending tasks: 0
naming_6%8, pending tasks: 0
naming_7%8, pending tasks: 0


2024-07-01 00:01:45,993 INFO DISTRO:|0|0|0|

2024-07-01 00:02:45,992 INFO PERFORMANCE:|5|5|6|-1|-1|8|0

2024-07-01 00:02:45,993 INFO Task worker status: 
naming_0%8, pending tasks: 0
naming_1%8, pending tasks: 0
naming_2%8, pending tasks: 0
naming_3%8, pending tasks: 0
naming_4%8, pending tasks: 0
naming_5%8, pending tasks: 0
naming_6%8, pending tasks: 0
naming_7%8, pending tasks: 0


2024-07-01 00:02:45,993 INFO DISTRO:|0|0|0|

2024-07-01 00:03:45,992 INFO PERFORMANCE:|5|5|7|600|600|9|0

2024-07-01 00:03:45,992 INFO Task worker status: 
naming_0%8, pending tasks: 0
naming_1%8, pending tasks: 0
naming_2%8, pending tasks: 0
naming_3%8, pending tasks: 0
naming_4%8, pending tasks: 0
naming_5%8, pending tasks: 0
naming_6%8, pending tasks: 0
naming_7%8, pending tasks: 0


2024-07-01 00:03:45,993 INFO DISTRO:|0|0|0|

2024-07-01 00:04:45,991 INFO PERFORMANCE:|5|4|6|527|527|10|0

2024-07-01 00:04:45,992 INFO Task worker status: 
naming_0%8, pending tasks: 0
naming_1%8, pending tasks: 0
naming_2%8, pending tasks: 0
naming_3%8, pending tasks: 0
naming_4%8, pending tasks: 0
naming_5%8, pending tasks: 0
naming_6%8, pending tasks: 0
naming_7%8, pending tasks: 0


2024-07-01 00:04:45,992 INFO DISTRO:|0|0|0|

2024-07-01 00:05:45,990 INFO PERFORMANCE:|serviceCount|ipCount|subscribeCount|maxPushCost|avgPushCost|totalPushCount|failPushCount

2024-07-01 00:05:45,991 INFO DISTRO:|V1SyncDone|V1SyncFail|V2SyncDone|V2SyncFail|V2VerifyFail|

2024-07-01 00:05:45,991 INFO PERFORMANCE:|5|5|6|568|568|11|0

2024-07-01 00:05:45,992 INFO Task worker status: 
naming_0%8, pending tasks: 0
naming_1%8, pending tasks: 0
naming_2%8, pending tasks: 0
naming_3%8, pending tasks: 0
naming_4%8, pending tasks: 0
naming_5%8, pending tasks: 0
naming_6%8, pending tasks: 0
naming_7%8, pending tasks: 0


2024-07-01 00:05:45,992 INFO DISTRO:|0|0|0|

2024-07-01 00:06:45,991 INFO PERFORMANCE:|5|4|6|532|532|12|0

2024-07-01 00:06:45,992 INFO Task worker status: 
naming_0%8, pending tasks: 0
naming_1%8, pending tasks: 0
naming_2%8, pending tasks: 0
naming_3%8, pending tasks: 0
naming_4%8, pending tasks: 0
naming_5%8, pending tasks: 0
naming_6%8, pending tasks: 0
naming_7%8, pending tasks: 0


2024-07-01 00:06:45,992 INFO DISTRO:|0|0|0|

2024-07-01 00:07:45,991 INFO PERFORMANCE:|5|5|7|586|568|14|0

2024-07-01 00:07:45,991 INFO Task worker status: 
naming_0%8, pending tasks: 0
naming_1%8, pending tasks: 0
naming_2%8, pending tasks: 0
naming_3%8, pending tasks: 0
naming_4%8, pending tasks: 0
naming_5%8, pending tasks: 0
naming_6%8, pending tasks: 0
naming_7%8, pending tasks: 0


2024-07-01 00:07:45,992 INFO DISTRO:|0|0|0|

2024-07-01 00:08:45,990 INFO PERFORMANCE:|5|5|7|603|558|16|0

2024-07-01 00:08:45,991 INFO Task worker status: 
naming_0%8, pending tasks: 0
naming_1%8, pending tasks: 0
naming_2%8, pending tasks: 0
naming_3%8, pending tasks: 0
naming_4%8, pending tasks: 0
naming_5%8, pending tasks: 0
naming_6%8, pending tasks: 0
naming_7%8, pending tasks: 0


2024-07-01 00:08:45,991 INFO DISTRO:|0|0|0|

2024-07-01 00:09:45,990 INFO PERFORMANCE:|5|5|7|600|581|20|0

2024-07-01 00:09:45,991 INFO Task worker status: 
naming_0%8, pending tasks: 0
naming_1%8, pending tasks: 0
naming_2%8, pending tasks: 0
naming_3%8, pending tasks: 0
naming_4%8, pending tasks: 0
naming_5%8, pending tasks: 0
naming_6%8, pending tasks: 0
naming_7%8, pending tasks: 0


2024-07-01 00:09:45,991 INFO DISTRO:|0|0|0|

2024-07-01 00:10:45,987 INFO PERFORMANCE:|5|5|7|-1|-1|20|0

2024-07-01 00:10:46,001 INFO Task worker status: 
naming_0%8, pending tasks: 0
naming_1%8, pending tasks: 0
naming_2%8, pending tasks: 0
naming_3%8, pending tasks: 0
naming_4%8, pending tasks: 0
naming_5%8, pending tasks: 0
naming_6%8, pending tasks: 0
naming_7%8, pending tasks: 0


2024-07-01 00:10:46,001 INFO DISTRO:|0|0|0|

2024-07-01 00:11:46,000 INFO PERFORMANCE:|5|5|7|-1|-1|20|0

2024-07-01 00:11:46,001 INFO Task worker status: 
naming_0%8, pending tasks: 0
naming_1%8, pending tasks: 0
naming_2%8, pending tasks: 0
naming_3%8, pending tasks: 0
naming_4%8, pending tasks: 0
naming_5%8, pending tasks: 0
naming_6%8, pending tasks: 0
naming_7%8, pending tasks: 0


2024-07-01 00:11:46,001 INFO DISTRO:|0|0|0|

2024-07-01 00:12:46,000 INFO PERFORMANCE:|5|4|6|559|559|21|0

2024-07-01 00:12:46,001 INFO Task worker status: 
naming_0%8, pending tasks: 0
naming_1%8, pending tasks: 0
naming_2%8, pending tasks: 0
naming_3%8, pending tasks: 0
naming_4%8, pending tasks: 0
naming_5%8, pending tasks: 0
naming_6%8, pending tasks: 0
naming_7%8, pending tasks: 0


2024-07-01 00:12:46,002 INFO DISTRO:|0|0|0|

2024-07-01 00:13:46,001 INFO PERFORMANCE:|5|5|7|559|549|23|0

2024-07-01 00:13:46,002 INFO Task worker status: 
naming_0%8, pending tasks: 0
naming_1%8, pending tasks: 0
naming_2%8, pending tasks: 0
naming_3%8, pending tasks: 0
naming_4%8, pending tasks: 0
naming_5%8, pending tasks: 0
naming_6%8, pending tasks: 0
naming_7%8, pending tasks: 0


2024-07-01 00:13:46,002 INFO DISTRO:|0|0|0|

2024-07-01 00:14:46,002 INFO PERFORMANCE:|5|5|7|-1|-1|23|0

2024-07-01 00:14:46,002 INFO Task worker status: 
naming_0%8, pending tasks: 0
naming_1%8, pending tasks: 0
naming_2%8, pending tasks: 0
naming_3%8, pending tasks: 0
naming_4%8, pending tasks: 0
naming_5%8, pending tasks: 0
naming_6%8, pending tasks: 0
naming_7%8, pending tasks: 0


2024-07-01 00:14:46,003 INFO DISTRO:|0|0|0|

2024-07-01 00:15:46,002 INFO PERFORMANCE:|serviceCount|ipCount|subscribeCount|maxPushCost|avgPushCost|totalPushCount|failPushCount

2024-07-01 00:15:46,003 INFO DISTRO:|V1SyncDone|V1SyncFail|V2SyncDone|V2SyncFail|V2VerifyFail|

2024-07-01 00:15:46,003 INFO PERFORMANCE:|5|5|7|-1|-1|23|0

2024-07-01 00:15:46,004 INFO Task worker status: 
naming_0%8, pending tasks: 0
naming_1%8, pending tasks: 0
naming_2%8, pending tasks: 0
naming_3%8, pending tasks: 0
naming_4%8, pending tasks: 0
naming_5%8, pending tasks: 0
naming_6%8, pending tasks: 0
naming_7%8, pending tasks: 0


2024-07-01 00:15:46,004 INFO DISTRO:|0|0|0|

2024-07-01 00:16:46,003 INFO PERFORMANCE:|5|5|7|-1|-1|23|0

2024-07-01 00:16:46,004 INFO Task worker status: 
naming_0%8, pending tasks: 0
naming_1%8, pending tasks: 0
naming_2%8, pending tasks: 0
naming_3%8, pending tasks: 0
naming_4%8, pending tasks: 0
naming_5%8, pending tasks: 0
naming_6%8, pending tasks: 0
naming_7%8, pending tasks: 0


2024-07-01 00:16:46,004 INFO DISTRO:|0|0|0|

2024-07-01 00:17:46,003 INFO PERFORMANCE:|5|5|7|-1|-1|23|0

2024-07-01 00:17:46,004 INFO Task worker status: 
naming_0%8, pending tasks: 0
naming_1%8, pending tasks: 0
naming_2%8, pending tasks: 0
naming_3%8, pending tasks: 0
naming_4%8, pending tasks: 0
naming_5%8, pending tasks: 0
naming_6%8, pending tasks: 0
naming_7%8, pending tasks: 0


2024-07-01 00:17:46,004 INFO DISTRO:|0|0|0|

2024-07-01 00:18:46,003 INFO PERFORMANCE:|5|5|7|-1|-1|23|0

2024-07-01 00:18:46,004 INFO Task worker status: 
naming_0%8, pending tasks: 0
naming_1%8, pending tasks: 0
naming_2%8, pending tasks: 0
naming_3%8, pending tasks: 0
naming_4%8, pending tasks: 0
naming_5%8, pending tasks: 0
naming_6%8, pending tasks: 0
naming_7%8, pending tasks: 0


2024-07-01 00:18:46,004 INFO DISTRO:|0|0|0|

2024-07-01 00:19:46,003 INFO PERFORMANCE:|5|5|7|-1|-1|23|0

2024-07-01 00:19:46,029 INFO Task worker status: 
naming_0%8, pending tasks: 0
naming_1%8, pending tasks: 0
naming_2%8, pending tasks: 0
naming_3%8, pending tasks: 0
naming_4%8, pending tasks: 0
naming_5%8, pending tasks: 0
naming_6%8, pending tasks: 0
naming_7%8, pending tasks: 0


2024-07-01 00:19:46,029 INFO DISTRO:|0|0|0|

2024-07-01 00:20:46,028 INFO PERFORMANCE:|5|5|6|557|534|25|0

2024-07-01 00:20:46,029 INFO Task worker status: 
naming_0%8, pending tasks: 0
naming_1%8, pending tasks: 0
naming_2%8, pending tasks: 0
naming_3%8, pending tasks: 0
naming_4%8, pending tasks: 0
naming_5%8, pending tasks: 0
naming_6%8, pending tasks: 0
naming_7%8, pending tasks: 0


2024-07-01 00:20:46,029 INFO DISTRO:|0|0|0|

2024-07-01 00:21:46,028 INFO PERFORMANCE:|5|5|7|604|541|28|0

2024-07-01 00:21:46,029 INFO Task worker status: 
naming_0%8, pending tasks: 0
naming_1%8, pending tasks: 0
naming_2%8, pending tasks: 0
naming_3%8, pending tasks: 0
naming_4%8, pending tasks: 0
naming_5%8, pending tasks: 0
naming_6%8, pending tasks: 0
naming_7%8, pending tasks: 0


2024-07-01 00:21:46,029 INFO DISTRO:|0|0|0|

2024-07-01 00:22:46,028 INFO PERFORMANCE:|5|5|7|-1|-1|28|0

2024-07-01 00:22:46,029 INFO Task worker status: 
naming_0%8, pending tasks: 0
naming_1%8, pending tasks: 0
naming_2%8, pending tasks: 0
naming_3%8, pending tasks: 0
naming_4%8, pending tasks: 0
naming_5%8, pending tasks: 0
naming_6%8, pending tasks: 0
naming_7%8, pending tasks: 0


2024-07-01 00:22:46,029 INFO DISTRO:|0|0|0|

2024-07-01 08:51:57,361 INFO PERFORMANCE:|serviceCount|ipCount|subscribeCount|maxPushCost|avgPushCost|totalPushCount|failPushCount

2024-07-01 08:51:57,362 INFO DISTRO:|V1SyncDone|V1SyncFail|V2SyncDone|V2SyncFail|V2VerifyFail|

2024-07-01 08:51:57,362 INFO PERFORMANCE:|1|1|1|591|591|1|0

2024-07-01 08:51:57,362 INFO Task worker status: 
naming_0%8, pending tasks: 0
naming_1%8, pending tasks: 0
naming_2%8, pending tasks: 0
naming_3%8, pending tasks: 0
naming_4%8, pending tasks: 0
naming_5%8, pending tasks: 0
naming_6%8, pending tasks: 0
naming_7%8, pending tasks: 0


2024-07-01 08:51:57,364 INFO DISTRO:|0|0|0|

2024-07-01 08:52:57,361 INFO PERFORMANCE:|4|4|4|583|564|4|0

2024-07-01 08:52:57,362 INFO Task worker status: 
naming_0%8, pending tasks: 0
naming_1%8, pending tasks: 0
naming_2%8, pending tasks: 0
naming_3%8, pending tasks: 0
naming_4%8, pending tasks: 0
naming_5%8, pending tasks: 0
naming_6%8, pending tasks: 0
naming_7%8, pending tasks: 0


2024-07-01 08:52:57,363 INFO DISTRO:|0|0|0|

2024-07-01 08:53:57,361 INFO PERFORMANCE:|4|4|4|-1|-1|4|0

2024-07-01 08:53:57,361 INFO Task worker status: 
naming_0%8, pending tasks: 0
naming_1%8, pending tasks: 0
naming_2%8, pending tasks: 0
naming_3%8, pending tasks: 0
naming_4%8, pending tasks: 0
naming_5%8, pending tasks: 0
naming_6%8, pending tasks: 0
naming_7%8, pending tasks: 0


2024-07-01 08:53:57,362 INFO DISTRO:|0|0|0|

2024-07-01 08:54:57,360 INFO PERFORMANCE:|4|4|4|-1|-1|4|0

2024-07-01 08:54:57,361 INFO Task worker status: 
naming_0%8, pending tasks: 0
naming_1%8, pending tasks: 0
naming_2%8, pending tasks: 0
naming_3%8, pending tasks: 0
naming_4%8, pending tasks: 0
naming_5%8, pending tasks: 0
naming_6%8, pending tasks: 0
naming_7%8, pending tasks: 0


2024-07-01 08:54:57,361 INFO DISTRO:|0|0|0|

2024-07-01 08:55:57,360 INFO PERFORMANCE:|4|4|5|592|592|5|0

2024-07-01 08:55:57,361 INFO Task worker status: 
naming_0%8, pending tasks: 0
naming_1%8, pending tasks: 0
naming_2%8, pending tasks: 0
naming_3%8, pending tasks: 0
naming_4%8, pending tasks: 0
naming_5%8, pending tasks: 0
naming_6%8, pending tasks: 0
naming_7%8, pending tasks: 0


2024-07-01 08:55:57,361 INFO DISTRO:|0|0|0|

2024-07-01 08:56:57,360 INFO PERFORMANCE:|4|4|5|-1|-1|5|0

2024-07-01 08:56:57,361 INFO Task worker status: 
naming_0%8, pending tasks: 0
naming_1%8, pending tasks: 0
naming_2%8, pending tasks: 0
naming_3%8, pending tasks: 0
naming_4%8, pending tasks: 0
naming_5%8, pending tasks: 0
naming_6%8, pending tasks: 0
naming_7%8, pending tasks: 0


2024-07-01 08:56:57,361 INFO DISTRO:|0|0|0|

2024-07-01 08:57:57,360 INFO PERFORMANCE:|4|4|6|540|540|6|0

2024-07-01 08:57:57,360 INFO Task worker status: 
naming_0%8, pending tasks: 0
naming_1%8, pending tasks: 0
naming_2%8, pending tasks: 0
naming_3%8, pending tasks: 0
naming_4%8, pending tasks: 0
naming_5%8, pending tasks: 0
naming_6%8, pending tasks: 0
naming_7%8, pending tasks: 0


2024-07-01 08:57:57,361 INFO DISTRO:|0|0|0|

2024-07-01 08:58:57,359 INFO PERFORMANCE:|4|4|6|-1|-1|6|0

2024-07-01 08:58:57,360 INFO Task worker status: 
naming_0%8, pending tasks: 0
naming_1%8, pending tasks: 0
naming_2%8, pending tasks: 0
naming_3%8, pending tasks: 0
naming_4%8, pending tasks: 0
naming_5%8, pending tasks: 0
naming_6%8, pending tasks: 0
naming_7%8, pending tasks: 0


2024-07-01 08:58:57,360 INFO DISTRO:|0|0|0|

2024-07-01 08:59:57,359 INFO PERFORMANCE:|4|4|6|-1|-1|6|0

2024-07-01 08:59:57,359 INFO Task worker status: 
naming_0%8, pending tasks: 0
naming_1%8, pending tasks: 0
naming_2%8, pending tasks: 0
naming_3%8, pending tasks: 0
naming_4%8, pending tasks: 0
naming_5%8, pending tasks: 0
naming_6%8, pending tasks: 0
naming_7%8, pending tasks: 0


2024-07-01 08:59:57,360 INFO DISTRO:|0|0|0|

2024-07-01 09:00:57,358 INFO PERFORMANCE:|4|4|6|-1|-1|6|0

2024-07-01 09:00:57,359 INFO Task worker status: 
naming_0%8, pending tasks: 0
naming_1%8, pending tasks: 0
naming_2%8, pending tasks: 0
naming_3%8, pending tasks: 0
naming_4%8, pending tasks: 0
naming_5%8, pending tasks: 0
naming_6%8, pending tasks: 0
naming_7%8, pending tasks: 0


2024-07-01 09:00:57,359 INFO DISTRO:|0|0|0|

2024-07-01 09:01:57,358 INFO PERFORMANCE:|serviceCount|ipCount|subscribeCount|maxPushCost|avgPushCost|totalPushCount|failPushCount

2024-07-01 09:01:57,359 INFO DISTRO:|V1SyncDone|V1SyncFail|V2SyncDone|V2SyncFail|V2VerifyFail|

2024-07-01 09:01:57,360 INFO PERFORMANCE:|4|4|6|-1|-1|6|0

2024-07-01 09:01:57,360 INFO Task worker status: 
naming_0%8, pending tasks: 0
naming_1%8, pending tasks: 0
naming_2%8, pending tasks: 0
naming_3%8, pending tasks: 0
naming_4%8, pending tasks: 0
naming_5%8, pending tasks: 0
naming_6%8, pending tasks: 0
naming_7%8, pending tasks: 0


2024-07-01 09:01:57,361 INFO DISTRO:|0|0|0|

2024-07-01 09:02:57,359 INFO PERFORMANCE:|4|4|6|-1|-1|6|0

2024-07-01 09:02:57,360 INFO Task worker status: 
naming_0%8, pending tasks: 0
naming_1%8, pending tasks: 0
naming_2%8, pending tasks: 0
naming_3%8, pending tasks: 0
naming_4%8, pending tasks: 0
naming_5%8, pending tasks: 0
naming_6%8, pending tasks: 0
naming_7%8, pending tasks: 0


2024-07-01 09:02:57,360 INFO DISTRO:|0|0|0|

2024-07-01 09:03:57,359 INFO PERFORMANCE:|4|4|6|-1|-1|6|0

2024-07-01 09:03:57,359 INFO Task worker status: 
naming_0%8, pending tasks: 0
naming_1%8, pending tasks: 0
naming_2%8, pending tasks: 0
naming_3%8, pending tasks: 0
naming_4%8, pending tasks: 0
naming_5%8, pending tasks: 0
naming_6%8, pending tasks: 0
naming_7%8, pending tasks: 0


2024-07-01 09:03:57,360 INFO DISTRO:|0|0|0|

2024-07-01 09:04:57,358 INFO PERFORMANCE:|4|4|6|-1|-1|6|0

2024-07-01 09:04:57,359 INFO Task worker status: 
naming_0%8, pending tasks: 0
naming_1%8, pending tasks: 0
naming_2%8, pending tasks: 0
naming_3%8, pending tasks: 0
naming_4%8, pending tasks: 0
naming_5%8, pending tasks: 0
naming_6%8, pending tasks: 0
naming_7%8, pending tasks: 0


2024-07-01 09:04:57,359 INFO DISTRO:|0|0|0|

2024-07-01 09:05:57,358 INFO PERFORMANCE:|4|4|6|-1|-1|6|0

2024-07-01 09:05:57,358 INFO Task worker status: 
naming_0%8, pending tasks: 0
naming_1%8, pending tasks: 0
naming_2%8, pending tasks: 0
naming_3%8, pending tasks: 0
naming_4%8, pending tasks: 0
naming_5%8, pending tasks: 0
naming_6%8, pending tasks: 0
naming_7%8, pending tasks: 0


2024-07-01 09:05:57,359 INFO DISTRO:|0|0|0|

2024-07-01 09:06:57,357 INFO PERFORMANCE:|4|4|6|-1|-1|6|0

2024-07-01 09:06:57,357 INFO Task worker status: 
naming_0%8, pending tasks: 0
naming_1%8, pending tasks: 0
naming_2%8, pending tasks: 0
naming_3%8, pending tasks: 0
naming_4%8, pending tasks: 0
naming_5%8, pending tasks: 0
naming_6%8, pending tasks: 0
naming_7%8, pending tasks: 0


2024-07-01 09:06:57,358 INFO DISTRO:|0|0|0|

2024-07-01 09:07:57,357 INFO PERFORMANCE:|4|4|6|-1|-1|6|0

2024-07-01 09:07:57,357 INFO Task worker status: 
naming_0%8, pending tasks: 0
naming_1%8, pending tasks: 0
naming_2%8, pending tasks: 0
naming_3%8, pending tasks: 0
naming_4%8, pending tasks: 0
naming_5%8, pending tasks: 0
naming_6%8, pending tasks: 0
naming_7%8, pending tasks: 0


2024-07-01 09:07:57,358 INFO DISTRO:|0|0|0|

2024-07-01 09:08:57,357 INFO PERFORMANCE:|4|4|6|-1|-1|6|0

2024-07-01 09:08:57,357 INFO Task worker status: 
naming_0%8, pending tasks: 0
naming_1%8, pending tasks: 0
naming_2%8, pending tasks: 0
naming_3%8, pending tasks: 0
naming_4%8, pending tasks: 0
naming_5%8, pending tasks: 0
naming_6%8, pending tasks: 0
naming_7%8, pending tasks: 0


2024-07-01 09:08:57,357 INFO DISTRO:|0|0|0|

2024-07-01 09:09:57,356 INFO PERFORMANCE:|4|4|6|-1|-1|6|0

2024-07-01 09:09:57,356 INFO Task worker status: 
naming_0%8, pending tasks: 0
naming_1%8, pending tasks: 0
naming_2%8, pending tasks: 0
naming_3%8, pending tasks: 0
naming_4%8, pending tasks: 0
naming_5%8, pending tasks: 0
naming_6%8, pending tasks: 0
naming_7%8, pending tasks: 0


2024-07-01 09:09:57,357 INFO DISTRO:|0|0|0|

2024-07-01 09:10:57,355 INFO PERFORMANCE:|4|4|6|-1|-1|6|0

2024-07-01 09:10:57,356 INFO Task worker status: 
naming_0%8, pending tasks: 0
naming_1%8, pending tasks: 0
naming_2%8, pending tasks: 0
naming_3%8, pending tasks: 0
naming_4%8, pending tasks: 0
naming_5%8, pending tasks: 0
naming_6%8, pending tasks: 0
naming_7%8, pending tasks: 0


2024-07-01 09:10:57,356 INFO DISTRO:|0|0|0|

2024-07-01 09:11:57,355 INFO PERFORMANCE:|serviceCount|ipCount|subscribeCount|maxPushCost|avgPushCost|totalPushCount|failPushCount

2024-07-01 09:11:57,356 INFO DISTRO:|V1SyncDone|V1SyncFail|V2SyncDone|V2SyncFail|V2VerifyFail|

2024-07-01 09:11:57,356 INFO PERFORMANCE:|4|4|6|-1|-1|6|0

2024-07-01 09:11:57,357 INFO Task worker status: 
naming_0%8, pending tasks: 0
naming_1%8, pending tasks: 0
naming_2%8, pending tasks: 0
naming_3%8, pending tasks: 0
naming_4%8, pending tasks: 0
naming_5%8, pending tasks: 0
naming_6%8, pending tasks: 0
naming_7%8, pending tasks: 0


2024-07-01 09:11:57,357 INFO DISTRO:|0|0|0|

2024-07-01 09:12:57,355 INFO PERFORMANCE:|4|4|5|561|546|8|0

2024-07-01 09:12:57,356 INFO Task worker status: 
naming_0%8, pending tasks: 0
naming_1%8, pending tasks: 0
naming_2%8, pending tasks: 0
naming_3%8, pending tasks: 0
naming_4%8, pending tasks: 0
naming_5%8, pending tasks: 0
naming_6%8, pending tasks: 0
naming_7%8, pending tasks: 0


2024-07-01 09:12:57,356 INFO DISTRO:|0|0|0|

2024-07-01 09:13:57,355 INFO PERFORMANCE:|4|4|5|-1|-1|8|0

2024-07-01 09:13:57,356 INFO Task worker status: 
naming_0%8, pending tasks: 0
naming_1%8, pending tasks: 0
naming_2%8, pending tasks: 0
naming_3%8, pending tasks: 0
naming_4%8, pending tasks: 0
naming_5%8, pending tasks: 0
naming_6%8, pending tasks: 0
naming_7%8, pending tasks: 0


2024-07-01 09:13:57,356 INFO DISTRO:|0|0|0|

2024-07-01 09:14:57,355 INFO PERFORMANCE:|4|4|6|613|613|9|0

2024-07-01 09:14:57,355 INFO Task worker status: 
naming_0%8, pending tasks: 0
naming_1%8, pending tasks: 0
naming_2%8, pending tasks: 0
naming_3%8, pending tasks: 0
naming_4%8, pending tasks: 0
naming_5%8, pending tasks: 0
naming_6%8, pending tasks: 0
naming_7%8, pending tasks: 0


2024-07-01 09:14:57,356 INFO DISTRO:|0|0|0|

2024-07-01 09:15:57,354 INFO PERFORMANCE:|4|4|6|-1|-1|9|0

2024-07-01 09:15:57,355 INFO Task worker status: 
naming_0%8, pending tasks: 0
naming_1%8, pending tasks: 0
naming_2%8, pending tasks: 0
naming_3%8, pending tasks: 0
naming_4%8, pending tasks: 0
naming_5%8, pending tasks: 0
naming_6%8, pending tasks: 0
naming_7%8, pending tasks: 0


2024-07-01 09:15:57,355 INFO DISTRO:|0|0|0|

2024-07-01 09:16:57,354 INFO PERFORMANCE:|4|4|6|-1|-1|9|0

2024-07-01 09:16:57,355 INFO Task worker status: 
naming_0%8, pending tasks: 0
naming_1%8, pending tasks: 0
naming_2%8, pending tasks: 0
naming_3%8, pending tasks: 0
naming_4%8, pending tasks: 0
naming_5%8, pending tasks: 0
naming_6%8, pending tasks: 0
naming_7%8, pending tasks: 0


2024-07-01 09:16:57,355 INFO DISTRO:|0|0|0|

2024-07-01 09:17:57,354 INFO PERFORMANCE:|4|4|6|-1|-1|9|0

2024-07-01 09:17:57,355 INFO Task worker status: 
naming_0%8, pending tasks: 0
naming_1%8, pending tasks: 0
naming_2%8, pending tasks: 0
naming_3%8, pending tasks: 0
naming_4%8, pending tasks: 0
naming_5%8, pending tasks: 0
naming_6%8, pending tasks: 0
naming_7%8, pending tasks: 0


2024-07-01 09:17:57,355 INFO DISTRO:|0|0|0|

2024-07-01 09:18:57,354 INFO PERFORMANCE:|4|4|6|-1|-1|9|0

2024-07-01 09:18:57,355 INFO Task worker status: 
naming_0%8, pending tasks: 0
naming_1%8, pending tasks: 0
naming_2%8, pending tasks: 0
naming_3%8, pending tasks: 0
naming_4%8, pending tasks: 0
naming_5%8, pending tasks: 0
naming_6%8, pending tasks: 0
naming_7%8, pending tasks: 0


2024-07-01 09:18:57,355 INFO DISTRO:|0|0|0|

2024-07-01 09:19:57,354 INFO PERFORMANCE:|4|4|6|-1|-1|9|0

2024-07-01 09:19:57,355 INFO Task worker status: 
naming_0%8, pending tasks: 0
naming_1%8, pending tasks: 0
naming_2%8, pending tasks: 0
naming_3%8, pending tasks: 0
naming_4%8, pending tasks: 0
naming_5%8, pending tasks: 0
naming_6%8, pending tasks: 0
naming_7%8, pending tasks: 0


2024-07-01 09:19:57,356 INFO DISTRO:|0|0|0|

2024-07-01 09:20:57,354 INFO PERFORMANCE:|4|4|6|-1|-1|9|0

2024-07-01 09:20:57,355 INFO Task worker status: 
naming_0%8, pending tasks: 0
naming_1%8, pending tasks: 0
naming_2%8, pending tasks: 0
naming_3%8, pending tasks: 0
naming_4%8, pending tasks: 0
naming_5%8, pending tasks: 0
naming_6%8, pending tasks: 0
naming_7%8, pending tasks: 0


2024-07-01 09:20:57,355 INFO DISTRO:|0|0|0|

2024-07-01 09:21:57,354 INFO PERFORMANCE:|serviceCount|ipCount|subscribeCount|maxPushCost|avgPushCost|totalPushCount|failPushCount

2024-07-01 09:21:57,355 INFO DISTRO:|V1SyncDone|V1SyncFail|V2SyncDone|V2SyncFail|V2VerifyFail|

2024-07-01 09:21:57,355 INFO PERFORMANCE:|4|4|6|-1|-1|9|0

2024-07-01 09:21:57,356 INFO Task worker status: 
naming_0%8, pending tasks: 0
naming_1%8, pending tasks: 0
naming_2%8, pending tasks: 0
naming_3%8, pending tasks: 0
naming_4%8, pending tasks: 0
naming_5%8, pending tasks: 0
naming_6%8, pending tasks: 0
naming_7%8, pending tasks: 0


2024-07-01 09:21:57,356 INFO DISTRO:|0|0|0|

2024-07-01 09:22:57,354 INFO PERFORMANCE:|4|4|6|-1|-1|9|0

2024-07-01 09:22:57,355 INFO Task worker status: 
naming_0%8, pending tasks: 0
naming_1%8, pending tasks: 0
naming_2%8, pending tasks: 0
naming_3%8, pending tasks: 0
naming_4%8, pending tasks: 0
naming_5%8, pending tasks: 0
naming_6%8, pending tasks: 0
naming_7%8, pending tasks: 0


2024-07-01 09:22:57,356 INFO DISTRO:|0|0|0|

2024-07-01 09:23:57,355 INFO PERFORMANCE:|4|4|6|-1|-1|9|0

2024-07-01 09:23:57,355 INFO Task worker status: 
naming_0%8, pending tasks: 0
naming_1%8, pending tasks: 0
naming_2%8, pending tasks: 0
naming_3%8, pending tasks: 0
naming_4%8, pending tasks: 0
naming_5%8, pending tasks: 0
naming_6%8, pending tasks: 0
naming_7%8, pending tasks: 0


2024-07-01 09:23:57,356 INFO DISTRO:|0|0|0|

2024-07-01 09:24:57,354 INFO PERFORMANCE:|4|4|6|-1|-1|9|0

2024-07-01 09:24:57,355 INFO Task worker status: 
naming_0%8, pending tasks: 0
naming_1%8, pending tasks: 0
naming_2%8, pending tasks: 0
naming_3%8, pending tasks: 0
naming_4%8, pending tasks: 0
naming_5%8, pending tasks: 0
naming_6%8, pending tasks: 0
naming_7%8, pending tasks: 0


2024-07-01 09:24:57,355 INFO DISTRO:|0|0|0|

2024-07-01 09:25:57,354 INFO PERFORMANCE:|4|4|6|-1|-1|9|0

2024-07-01 09:25:57,382 INFO Task worker status: 
naming_0%8, pending tasks: 0
naming_1%8, pending tasks: 0
naming_2%8, pending tasks: 0
naming_3%8, pending tasks: 0
naming_4%8, pending tasks: 0
naming_5%8, pending tasks: 0
naming_6%8, pending tasks: 0
naming_7%8, pending tasks: 0


2024-07-01 09:25:57,387 INFO DISTRO:|0|0|0|

2024-07-01 09:26:57,386 INFO PERFORMANCE:|4|4|6|-1|-1|9|0

2024-07-01 09:26:57,387 INFO Task worker status: 
naming_0%8, pending tasks: 0
naming_1%8, pending tasks: 0
naming_2%8, pending tasks: 0
naming_3%8, pending tasks: 0
naming_4%8, pending tasks: 0
naming_5%8, pending tasks: 0
naming_6%8, pending tasks: 0
naming_7%8, pending tasks: 0


2024-07-01 09:26:57,387 INFO DISTRO:|0|0|0|

2024-07-01 09:27:57,386 INFO PERFORMANCE:|4|4|6|-1|-1|9|0

2024-07-01 09:27:57,387 INFO Task worker status: 
naming_0%8, pending tasks: 0
naming_1%8, pending tasks: 0
naming_2%8, pending tasks: 0
naming_3%8, pending tasks: 0
naming_4%8, pending tasks: 0
naming_5%8, pending tasks: 0
naming_6%8, pending tasks: 0
naming_7%8, pending tasks: 0


2024-07-01 09:27:57,388 INFO DISTRO:|0|0|0|

2024-07-01 09:28:57,386 INFO PERFORMANCE:|4|4|6|-1|-1|9|0

2024-07-01 09:28:57,387 INFO Task worker status: 
naming_0%8, pending tasks: 0
naming_1%8, pending tasks: 0
naming_2%8, pending tasks: 0
naming_3%8, pending tasks: 0
naming_4%8, pending tasks: 0
naming_5%8, pending tasks: 0
naming_6%8, pending tasks: 0
naming_7%8, pending tasks: 0


2024-07-01 09:28:57,387 INFO DISTRO:|0|0|0|

2024-07-01 09:29:57,386 INFO PERFORMANCE:|4|4|6|-1|-1|9|0

2024-07-01 09:29:57,387 INFO Task worker status: 
naming_0%8, pending tasks: 0
naming_1%8, pending tasks: 0
naming_2%8, pending tasks: 0
naming_3%8, pending tasks: 0
naming_4%8, pending tasks: 0
naming_5%8, pending tasks: 0
naming_6%8, pending tasks: 0
naming_7%8, pending tasks: 0


2024-07-01 09:29:57,387 INFO DISTRO:|0|0|0|

2024-07-01 09:30:57,385 INFO PERFORMANCE:|4|4|6|-1|-1|9|0

2024-07-01 09:30:57,386 INFO Task worker status: 
naming_0%8, pending tasks: 0
naming_1%8, pending tasks: 0
naming_2%8, pending tasks: 0
naming_3%8, pending tasks: 0
naming_4%8, pending tasks: 0
naming_5%8, pending tasks: 0
naming_6%8, pending tasks: 0
naming_7%8, pending tasks: 0


2024-07-01 09:30:57,386 INFO DISTRO:|0|0|0|

2024-07-01 09:31:57,385 INFO PERFORMANCE:|serviceCount|ipCount|subscribeCount|maxPushCost|avgPushCost|totalPushCount|failPushCount

2024-07-01 09:31:57,386 INFO DISTRO:|V1SyncDone|V1SyncFail|V2SyncDone|V2SyncFail|V2VerifyFail|

2024-07-01 09:31:57,387 INFO PERFORMANCE:|4|4|6|-1|-1|9|0

2024-07-01 09:31:57,387 INFO Task worker status: 
naming_0%8, pending tasks: 0
naming_1%8, pending tasks: 0
naming_2%8, pending tasks: 0
naming_3%8, pending tasks: 0
naming_4%8, pending tasks: 0
naming_5%8, pending tasks: 0
naming_6%8, pending tasks: 0
naming_7%8, pending tasks: 0


2024-07-01 09:31:57,387 INFO DISTRO:|0|0|0|

2024-07-01 09:32:57,386 INFO PERFORMANCE:|4|4|6|-1|-1|9|0

2024-07-01 09:32:57,386 INFO Task worker status: 
naming_0%8, pending tasks: 0
naming_1%8, pending tasks: 0
naming_2%8, pending tasks: 0
naming_3%8, pending tasks: 0
naming_4%8, pending tasks: 0
naming_5%8, pending tasks: 0
naming_6%8, pending tasks: 0
naming_7%8, pending tasks: 0


2024-07-01 09:32:57,387 INFO DISTRO:|0|0|0|

2024-07-01 09:33:57,385 INFO PERFORMANCE:|4|4|6|-1|-1|9|0

2024-07-01 09:33:57,386 INFO Task worker status: 
naming_0%8, pending tasks: 0
naming_1%8, pending tasks: 0
naming_2%8, pending tasks: 0
naming_3%8, pending tasks: 0
naming_4%8, pending tasks: 0
naming_5%8, pending tasks: 0
naming_6%8, pending tasks: 0
naming_7%8, pending tasks: 0


2024-07-01 09:33:57,387 INFO DISTRO:|0|0|0|

2024-07-01 09:34:57,385 INFO PERFORMANCE:|4|4|6|-1|-1|9|0

2024-07-01 09:34:57,386 INFO Task worker status: 
naming_0%8, pending tasks: 0
naming_1%8, pending tasks: 0
naming_2%8, pending tasks: 0
naming_3%8, pending tasks: 0
naming_4%8, pending tasks: 0
naming_5%8, pending tasks: 0
naming_6%8, pending tasks: 0
naming_7%8, pending tasks: 0


2024-07-01 09:34:57,386 INFO DISTRO:|0|0|0|

2024-07-01 09:35:57,385 INFO PERFORMANCE:|4|4|6|-1|-1|9|0

2024-07-01 09:35:57,386 INFO Task worker status: 
naming_0%8, pending tasks: 0
naming_1%8, pending tasks: 0
naming_2%8, pending tasks: 0
naming_3%8, pending tasks: 0
naming_4%8, pending tasks: 0
naming_5%8, pending tasks: 0
naming_6%8, pending tasks: 0
naming_7%8, pending tasks: 0


2024-07-01 09:35:57,386 INFO DISTRO:|0|0|0|

2024-07-01 09:36:57,385 INFO PERFORMANCE:|4|4|6|-1|-1|9|0

2024-07-01 09:36:57,385 INFO Task worker status: 
naming_0%8, pending tasks: 0
naming_1%8, pending tasks: 0
naming_2%8, pending tasks: 0
naming_3%8, pending tasks: 0
naming_4%8, pending tasks: 0
naming_5%8, pending tasks: 0
naming_6%8, pending tasks: 0
naming_7%8, pending tasks: 0


2024-07-01 09:36:57,386 INFO DISTRO:|0|0|0|

2024-07-01 09:37:57,384 INFO PERFORMANCE:|4|4|6|-1|-1|9|0

2024-07-01 09:37:57,385 INFO Task worker status: 
naming_0%8, pending tasks: 0
naming_1%8, pending tasks: 0
naming_2%8, pending tasks: 0
naming_3%8, pending tasks: 0
naming_4%8, pending tasks: 0
naming_5%8, pending tasks: 0
naming_6%8, pending tasks: 0
naming_7%8, pending tasks: 0


2024-07-01 09:37:57,386 INFO DISTRO:|0|0|0|

2024-07-01 09:38:57,384 INFO PERFORMANCE:|4|4|6|-1|-1|9|0

2024-07-01 09:38:57,385 INFO Task worker status: 
naming_0%8, pending tasks: 0
naming_1%8, pending tasks: 0
naming_2%8, pending tasks: 0
naming_3%8, pending tasks: 0
naming_4%8, pending tasks: 0
naming_5%8, pending tasks: 0
naming_6%8, pending tasks: 0
naming_7%8, pending tasks: 0


2024-07-01 09:38:57,385 INFO DISTRO:|0|0|0|

2024-07-01 09:39:57,384 INFO PERFORMANCE:|4|4|6|-1|-1|9|0

2024-07-01 09:39:57,385 INFO Task worker status: 
naming_0%8, pending tasks: 0
naming_1%8, pending tasks: 0
naming_2%8, pending tasks: 0
naming_3%8, pending tasks: 0
naming_4%8, pending tasks: 0
naming_5%8, pending tasks: 0
naming_6%8, pending tasks: 0
naming_7%8, pending tasks: 0


2024-07-01 09:39:57,385 INFO DISTRO:|0|0|0|

2024-07-01 09:40:57,384 INFO PERFORMANCE:|4|4|6|-1|-1|9|0

2024-07-01 09:40:57,384 INFO Task worker status: 
naming_0%8, pending tasks: 0
naming_1%8, pending tasks: 0
naming_2%8, pending tasks: 0
naming_3%8, pending tasks: 0
naming_4%8, pending tasks: 0
naming_5%8, pending tasks: 0
naming_6%8, pending tasks: 0
naming_7%8, pending tasks: 0


2024-07-01 09:40:57,385 INFO DISTRO:|0|0|0|

2024-07-01 09:41:57,384 INFO PERFORMANCE:|serviceCount|ipCount|subscribeCount|maxPushCost|avgPushCost|totalPushCount|failPushCount

2024-07-01 09:41:57,384 INFO DISTRO:|V1SyncDone|V1SyncFail|V2SyncDone|V2SyncFail|V2VerifyFail|

2024-07-01 09:41:57,385 INFO PERFORMANCE:|4|4|6|-1|-1|9|0

2024-07-01 09:41:57,385 INFO Task worker status: 
naming_0%8, pending tasks: 0
naming_1%8, pending tasks: 0
naming_2%8, pending tasks: 0
naming_3%8, pending tasks: 0
naming_4%8, pending tasks: 0
naming_5%8, pending tasks: 0
naming_6%8, pending tasks: 0
naming_7%8, pending tasks: 0


2024-07-01 09:41:57,385 INFO DISTRO:|0|0|0|

2024-07-01 09:42:57,384 INFO PERFORMANCE:|4|4|6|-1|-1|9|0

2024-07-01 09:42:57,385 INFO Task worker status: 
naming_0%8, pending tasks: 0
naming_1%8, pending tasks: 0
naming_2%8, pending tasks: 0
naming_3%8, pending tasks: 0
naming_4%8, pending tasks: 0
naming_5%8, pending tasks: 0
naming_6%8, pending tasks: 0
naming_7%8, pending tasks: 0


2024-07-01 09:42:57,386 INFO DISTRO:|0|0|0|

2024-07-01 09:43:57,385 INFO PERFORMANCE:|4|4|6|-1|-1|9|0

2024-07-01 09:43:57,385 INFO Task worker status: 
naming_0%8, pending tasks: 0
naming_1%8, pending tasks: 0
naming_2%8, pending tasks: 0
naming_3%8, pending tasks: 0
naming_4%8, pending tasks: 0
naming_5%8, pending tasks: 0
naming_6%8, pending tasks: 0
naming_7%8, pending tasks: 0


2024-07-01 09:43:57,386 INFO DISTRO:|0|0|0|

2024-07-01 09:44:57,385 INFO PERFORMANCE:|4|4|6|-1|-1|9|0

2024-07-01 09:44:57,385 INFO Task worker status: 
naming_0%8, pending tasks: 0
naming_1%8, pending tasks: 0
naming_2%8, pending tasks: 0
naming_3%8, pending tasks: 0
naming_4%8, pending tasks: 0
naming_5%8, pending tasks: 0
naming_6%8, pending tasks: 0
naming_7%8, pending tasks: 0


2024-07-01 09:44:57,386 INFO DISTRO:|0|0|0|

2024-07-01 09:45:57,385 INFO PERFORMANCE:|4|4|6|-1|-1|9|0

2024-07-01 09:45:57,386 INFO Task worker status: 
naming_0%8, pending tasks: 0
naming_1%8, pending tasks: 0
naming_2%8, pending tasks: 0
naming_3%8, pending tasks: 0
naming_4%8, pending tasks: 0
naming_5%8, pending tasks: 0
naming_6%8, pending tasks: 0
naming_7%8, pending tasks: 0


2024-07-01 09:45:57,386 INFO DISTRO:|0|0|0|

2024-07-01 09:46:57,385 INFO PERFORMANCE:|4|4|6|-1|-1|9|0

2024-07-01 09:46:57,385 INFO Task worker status: 
naming_0%8, pending tasks: 0
naming_1%8, pending tasks: 0
naming_2%8, pending tasks: 0
naming_3%8, pending tasks: 0
naming_4%8, pending tasks: 0
naming_5%8, pending tasks: 0
naming_6%8, pending tasks: 0
naming_7%8, pending tasks: 0


2024-07-01 09:46:57,386 INFO DISTRO:|0|0|0|

2024-07-01 09:47:57,384 INFO PERFORMANCE:|4|3|5|551|535|12|0

2024-07-01 09:47:57,385 INFO Task worker status: 
naming_0%8, pending tasks: 0
naming_1%8, pending tasks: 0
naming_2%8, pending tasks: 0
naming_3%8, pending tasks: 0
naming_4%8, pending tasks: 0
naming_5%8, pending tasks: 0
naming_6%8, pending tasks: 0
naming_7%8, pending tasks: 0


2024-07-01 09:47:57,385 INFO DISTRO:|0|0|0|

2024-07-01 09:48:57,384 INFO PERFORMANCE:|4|4|5|603|603|13|0

2024-07-01 09:48:57,385 INFO Task worker status: 
naming_0%8, pending tasks: 0
naming_1%8, pending tasks: 0
naming_2%8, pending tasks: 0
naming_3%8, pending tasks: 0
naming_4%8, pending tasks: 0
naming_5%8, pending tasks: 0
naming_6%8, pending tasks: 0
naming_7%8, pending tasks: 0


2024-07-01 09:48:57,385 INFO DISTRO:|0|0|0|

2024-07-01 09:49:57,384 INFO PERFORMANCE:|4|3|5|575|539|16|0

2024-07-01 09:49:57,386 INFO Task worker status: 
naming_0%8, pending tasks: 0
naming_1%8, pending tasks: 0
naming_2%8, pending tasks: 0
naming_3%8, pending tasks: 0
naming_4%8, pending tasks: 0
naming_5%8, pending tasks: 0
naming_6%8, pending tasks: 0
naming_7%8, pending tasks: 0


2024-07-01 09:49:57,386 INFO DISTRO:|0|0|0|

2024-07-01 09:50:57,385 INFO PERFORMANCE:|4|4|5|535|535|17|0

2024-07-01 09:50:57,386 INFO Task worker status: 
naming_0%8, pending tasks: 0
naming_1%8, pending tasks: 0
naming_2%8, pending tasks: 0
naming_3%8, pending tasks: 0
naming_4%8, pending tasks: 0
naming_5%8, pending tasks: 0
naming_6%8, pending tasks: 0
naming_7%8, pending tasks: 0


2024-07-01 09:50:57,386 INFO DISTRO:|0|0|0|

2024-07-01 09:51:57,385 INFO PERFORMANCE:|serviceCount|ipCount|subscribeCount|maxPushCost|avgPushCost|totalPushCount|failPushCount

2024-07-01 09:51:57,385 INFO DISTRO:|V1SyncDone|V1SyncFail|V2SyncDone|V2SyncFail|V2VerifyFail|

2024-07-01 09:51:57,386 INFO PERFORMANCE:|4|3|5|596|596|18|0

2024-07-01 09:51:57,386 INFO Task worker status: 
naming_0%8, pending tasks: 0
naming_1%8, pending tasks: 0
naming_2%8, pending tasks: 0
naming_3%8, pending tasks: 0
naming_4%8, pending tasks: 0
naming_5%8, pending tasks: 0
naming_6%8, pending tasks: 0
naming_7%8, pending tasks: 0


2024-07-01 09:51:57,386 INFO DISTRO:|0|0|0|

2024-07-01 09:52:57,384 INFO PERFORMANCE:|4|4|5|561|561|19|0

2024-07-01 09:52:57,385 INFO Task worker status: 
naming_0%8, pending tasks: 0
naming_1%8, pending tasks: 0
naming_2%8, pending tasks: 0
naming_3%8, pending tasks: 0
naming_4%8, pending tasks: 0
naming_5%8, pending tasks: 0
naming_6%8, pending tasks: 0
naming_7%8, pending tasks: 0


2024-07-01 09:52:57,386 INFO DISTRO:|0|0|0|

2024-07-01 09:53:57,385 INFO PERFORMANCE:|4|3|5|600|563|22|0

2024-07-01 09:53:57,385 INFO Task worker status: 
naming_0%8, pending tasks: 0
naming_1%8, pending tasks: 0
naming_2%8, pending tasks: 0
naming_3%8, pending tasks: 0
naming_4%8, pending tasks: 0
naming_5%8, pending tasks: 0
naming_6%8, pending tasks: 0
naming_7%8, pending tasks: 0


2024-07-01 09:53:57,386 INFO DISTRO:|0|0|0|

2024-07-01 09:54:57,384 INFO PERFORMANCE:|4|4|5|545|545|23|0

2024-07-01 09:54:57,385 INFO Task worker status: 
naming_0%8, pending tasks: 0
naming_1%8, pending tasks: 0
naming_2%8, pending tasks: 0
naming_3%8, pending tasks: 0
naming_4%8, pending tasks: 0
naming_5%8, pending tasks: 0
naming_6%8, pending tasks: 0
naming_7%8, pending tasks: 0


2024-07-01 09:54:57,385 INFO DISTRO:|0|0|0|

2024-07-01 09:55:57,384 INFO PERFORMANCE:|4|3|5|583|583|24|0

2024-07-01 09:55:57,385 INFO Task worker status: 
naming_0%8, pending tasks: 0
naming_1%8, pending tasks: 0
naming_2%8, pending tasks: 0
naming_3%8, pending tasks: 0
naming_4%8, pending tasks: 0
naming_5%8, pending tasks: 0
naming_6%8, pending tasks: 0
naming_7%8, pending tasks: 0


2024-07-01 09:55:57,385 INFO DISTRO:|0|0|0|

2024-07-01 09:56:57,384 INFO PERFORMANCE:|4|3|5|601|557|28|0

2024-07-01 09:56:57,385 INFO Task worker status: 
naming_0%8, pending tasks: 0
naming_1%8, pending tasks: 0
naming_2%8, pending tasks: 0
naming_3%8, pending tasks: 0
naming_4%8, pending tasks: 0
naming_5%8, pending tasks: 0
naming_6%8, pending tasks: 0
naming_7%8, pending tasks: 0


2024-07-01 09:56:57,385 INFO DISTRO:|0|0|0|

2024-07-01 09:57:57,384 INFO PERFORMANCE:|4|3|5|604|586|32|0

2024-07-01 09:57:57,385 INFO Task worker status: 
naming_0%8, pending tasks: 0
naming_1%8, pending tasks: 0
naming_2%8, pending tasks: 0
naming_3%8, pending tasks: 0
naming_4%8, pending tasks: 0
naming_5%8, pending tasks: 0
naming_6%8, pending tasks: 0
naming_7%8, pending tasks: 0


2024-07-01 09:57:57,385 INFO DISTRO:|0|0|0|

2024-07-01 09:58:57,384 INFO PERFORMANCE:|4|4|5|538|538|33|0

2024-07-01 09:58:57,384 INFO Task worker status: 
naming_0%8, pending tasks: 0
naming_1%8, pending tasks: 0
naming_2%8, pending tasks: 0
naming_3%8, pending tasks: 0
naming_4%8, pending tasks: 0
naming_5%8, pending tasks: 0
naming_6%8, pending tasks: 0
naming_7%8, pending tasks: 0


2024-07-01 09:58:57,385 INFO DISTRO:|0|0|0|

2024-07-01 09:59:57,383 INFO PERFORMANCE:|4|4|5|-1|-1|33|0

2024-07-01 09:59:57,384 INFO Task worker status: 
naming_0%8, pending tasks: 0
naming_1%8, pending tasks: 0
naming_2%8, pending tasks: 0
naming_3%8, pending tasks: 0
naming_4%8, pending tasks: 0
naming_5%8, pending tasks: 0
naming_6%8, pending tasks: 0
naming_7%8, pending tasks: 0


2024-07-01 09:59:57,385 INFO DISTRO:|0|0|0|

2024-07-01 10:00:57,383 INFO PERFORMANCE:|4|4|5|-1|-1|33|0

2024-07-01 10:00:57,384 INFO Task worker status: 
naming_0%8, pending tasks: 0
naming_1%8, pending tasks: 0
naming_2%8, pending tasks: 0
naming_3%8, pending tasks: 0
naming_4%8, pending tasks: 0
naming_5%8, pending tasks: 0
naming_6%8, pending tasks: 0
naming_7%8, pending tasks: 0


2024-07-01 10:00:57,384 INFO DISTRO:|0|0|0|

2024-07-01 10:01:57,383 INFO PERFORMANCE:|serviceCount|ipCount|subscribeCount|maxPushCost|avgPushCost|totalPushCount|failPushCount

2024-07-01 10:01:57,384 INFO DISTRO:|V1SyncDone|V1SyncFail|V2SyncDone|V2SyncFail|V2VerifyFail|

2024-07-01 10:01:57,384 INFO PERFORMANCE:|4|4|5|-1|-1|33|0

2024-07-01 10:01:57,384 INFO Task worker status: 
naming_0%8, pending tasks: 0
naming_1%8, pending tasks: 0
naming_2%8, pending tasks: 0
naming_3%8, pending tasks: 0
naming_4%8, pending tasks: 0
naming_5%8, pending tasks: 0
naming_6%8, pending tasks: 0
naming_7%8, pending tasks: 0


2024-07-01 10:01:57,385 INFO DISTRO:|0|0|0|

2024-07-01 10:02:57,384 INFO PERFORMANCE:|4|4|5|-1|-1|33|0

2024-07-01 10:02:57,384 INFO Task worker status: 
naming_0%8, pending tasks: 0
naming_1%8, pending tasks: 0
naming_2%8, pending tasks: 0
naming_3%8, pending tasks: 0
naming_4%8, pending tasks: 0
naming_5%8, pending tasks: 0
naming_6%8, pending tasks: 0
naming_7%8, pending tasks: 0


2024-07-01 10:02:57,385 INFO DISTRO:|0|0|0|

2024-07-01 10:03:57,383 INFO PERFORMANCE:|4|4|5|-1|-1|33|0

2024-07-01 10:03:57,384 INFO Task worker status: 
naming_0%8, pending tasks: 0
naming_1%8, pending tasks: 0
naming_2%8, pending tasks: 0
naming_3%8, pending tasks: 0
naming_4%8, pending tasks: 0
naming_5%8, pending tasks: 0
naming_6%8, pending tasks: 0
naming_7%8, pending tasks: 0


2024-07-01 10:03:57,384 INFO DISTRO:|0|0|0|

2024-07-01 10:04:57,383 INFO PERFORMANCE:|4|4|5|-1|-1|33|0

2024-07-01 10:04:57,383 INFO Task worker status: 
naming_0%8, pending tasks: 0
naming_1%8, pending tasks: 0
naming_2%8, pending tasks: 0
naming_3%8, pending tasks: 0
naming_4%8, pending tasks: 0
naming_5%8, pending tasks: 0
naming_6%8, pending tasks: 0
naming_7%8, pending tasks: 0


2024-07-01 10:04:57,384 INFO DISTRO:|0|0|0|

2024-07-01 10:05:57,382 INFO PERFORMANCE:|4|4|5|-1|-1|33|0

2024-07-01 10:05:57,383 INFO Task worker status: 
naming_0%8, pending tasks: 0
naming_1%8, pending tasks: 0
naming_2%8, pending tasks: 0
naming_3%8, pending tasks: 0
naming_4%8, pending tasks: 0
naming_5%8, pending tasks: 0
naming_6%8, pending tasks: 0
naming_7%8, pending tasks: 0


2024-07-01 10:05:57,384 INFO DISTRO:|0|0|0|

2024-07-01 10:06:57,382 INFO PERFORMANCE:|4|4|5|-1|-1|33|0

2024-07-01 10:06:57,383 INFO Task worker status: 
naming_0%8, pending tasks: 0
naming_1%8, pending tasks: 0
naming_2%8, pending tasks: 0
naming_3%8, pending tasks: 0
naming_4%8, pending tasks: 0
naming_5%8, pending tasks: 0
naming_6%8, pending tasks: 0
naming_7%8, pending tasks: 0


2024-07-01 10:06:57,383 INFO DISTRO:|0|0|0|

2024-07-01 10:07:57,382 INFO PERFORMANCE:|4|4|5|-1|-1|33|0

2024-07-01 10:07:57,383 INFO Task worker status: 
naming_0%8, pending tasks: 0
naming_1%8, pending tasks: 0
naming_2%8, pending tasks: 0
naming_3%8, pending tasks: 0
naming_4%8, pending tasks: 0
naming_5%8, pending tasks: 0
naming_6%8, pending tasks: 0
naming_7%8, pending tasks: 0


2024-07-01 10:07:57,384 INFO DISTRO:|0|0|0|

2024-07-01 10:08:57,382 INFO PERFORMANCE:|4|4|5|-1|-1|33|0

2024-07-01 10:08:57,383 INFO Task worker status: 
naming_0%8, pending tasks: 0
naming_1%8, pending tasks: 0
naming_2%8, pending tasks: 0
naming_3%8, pending tasks: 0
naming_4%8, pending tasks: 0
naming_5%8, pending tasks: 0
naming_6%8, pending tasks: 0
naming_7%8, pending tasks: 0


2024-07-01 10:08:57,383 INFO DISTRO:|0|0|0|

2024-07-01 10:09:57,382 INFO PERFORMANCE:|4|4|5|-1|-1|33|0

2024-07-01 10:09:57,382 INFO Task worker status: 
naming_0%8, pending tasks: 0
naming_1%8, pending tasks: 0
naming_2%8, pending tasks: 0
naming_3%8, pending tasks: 0
naming_4%8, pending tasks: 0
naming_5%8, pending tasks: 0
naming_6%8, pending tasks: 0
naming_7%8, pending tasks: 0


2024-07-01 10:09:57,383 INFO DISTRO:|0|0|0|

2024-07-01 10:10:57,381 INFO PERFORMANCE:|4|4|5|-1|-1|33|0

2024-07-01 10:10:57,382 INFO Task worker status: 
naming_0%8, pending tasks: 0
naming_1%8, pending tasks: 0
naming_2%8, pending tasks: 0
naming_3%8, pending tasks: 0
naming_4%8, pending tasks: 0
naming_5%8, pending tasks: 0
naming_6%8, pending tasks: 0
naming_7%8, pending tasks: 0


2024-07-01 10:10:57,382 INFO DISTRO:|0|0|0|

2024-07-01 10:11:57,381 INFO PERFORMANCE:|serviceCount|ipCount|subscribeCount|maxPushCost|avgPushCost|totalPushCount|failPushCount

2024-07-01 10:11:57,382 INFO DISTRO:|V1SyncDone|V1SyncFail|V2SyncDone|V2SyncFail|V2VerifyFail|

2024-07-01 10:11:57,382 INFO PERFORMANCE:|4|4|5|-1|-1|33|0

2024-07-01 10:11:57,383 INFO Task worker status: 
naming_0%8, pending tasks: 0
naming_1%8, pending tasks: 0
naming_2%8, pending tasks: 0
naming_3%8, pending tasks: 0
naming_4%8, pending tasks: 0
naming_5%8, pending tasks: 0
naming_6%8, pending tasks: 0
naming_7%8, pending tasks: 0


2024-07-01 10:11:57,383 INFO DISTRO:|0|0|0|

2024-07-01 10:12:57,382 INFO PERFORMANCE:|4|4|5|-1|-1|33|0

2024-07-01 10:12:57,382 INFO Task worker status: 
naming_0%8, pending tasks: 0
naming_1%8, pending tasks: 0
naming_2%8, pending tasks: 0
naming_3%8, pending tasks: 0
naming_4%8, pending tasks: 0
naming_5%8, pending tasks: 0
naming_6%8, pending tasks: 0
naming_7%8, pending tasks: 0


2024-07-01 10:12:57,383 INFO DISTRO:|0|0|0|

2024-07-01 10:13:57,382 INFO PERFORMANCE:|4|4|5|-1|-1|33|0

2024-07-01 10:13:57,382 INFO Task worker status: 
naming_0%8, pending tasks: 0
naming_1%8, pending tasks: 0
naming_2%8, pending tasks: 0
naming_3%8, pending tasks: 0
naming_4%8, pending tasks: 0
naming_5%8, pending tasks: 0
naming_6%8, pending tasks: 0
naming_7%8, pending tasks: 0


2024-07-01 10:13:57,383 INFO DISTRO:|0|0|0|

2024-07-01 10:14:57,382 INFO PERFORMANCE:|4|4|5|-1|-1|33|0

2024-07-01 10:14:57,382 INFO Task worker status: 
naming_0%8, pending tasks: 0
naming_1%8, pending tasks: 0
naming_2%8, pending tasks: 0
naming_3%8, pending tasks: 0
naming_4%8, pending tasks: 0
naming_5%8, pending tasks: 0
naming_6%8, pending tasks: 0
naming_7%8, pending tasks: 0


2024-07-01 10:14:57,383 INFO DISTRO:|0|0|0|

